{
  service: 'hotel-management-api',
  error: "Access denied for user 'hotel-manager'@'196.191.55.206' (using password: YES)",
  code: 'ER_ACCESS_DENIED_ERROR',
  host: '91.204.209.21',
  port: 3306,
  database: 'hotel-management',
  level: 'error',
  message: '❌ Error connecting to MySQL database:',
  timestamp: '2025-11-19 13:50:43'
}
{
  service: 'hotel-management-api',
  error: "Access denied for user 'hotel-manager'@'196.191.55.206' (using password: YES)",
  code: 'ER_ACCESS_DENIED_ERROR',
  host: '91.204.209.21',
  port: 3306,
  database: 'hotel-management',
  level: 'error',
  message: '❌ Error connecting to MySQL database:',
  timestamp: '2025-11-19 13:54:17'
}
{
  service: 'hotel-management-api',
  error: "Access denied for user 'hotel-manager'@'196.191.55.206' (using password: YES)",
  code: 'ER_ACCESS_DENIED_ERROR',
  host: '91.204.209.21',
  port: 3306,
  database: 'hotel-management',
  level: 'error',
  message: '❌ Error connecting to MySQL database:',
  timestamp: '2025-11-19 13:54:29'
}
{
  service: 'hotel-management-api',
  query: 'SELECT id FROM users WHERE email = ? OR username = ?',
  params: [ 'buru@gmail.com', null ],
  error: "Unknown column 'username' in 'WHERE'",
  code: 'ER_BAD_FIELD_ERROR',
  level: 'error',
  message: 'Database query error:',
  timestamp: '2025-11-19 14:56:07'
}
